<?xml version="1.0" encoding="UTF-8"?>
<testng-results ignored="0" total="1" passed="1" failed="0" skipped="0">
  <reporter-output>
  </reporter-output>
  <suite started-at="2023-09-29T15:56:54Z" name="Default suite" finished-at="2023-09-29T15:57:14Z" duration-ms="19581">
    <groups>
      <group name="cucumber">
        <method signature="AbstractTestNGCucumberTests.runScenario(io.cucumber.testng.PickleWrapper, io.cucumber.testng.FeatureWrapper)[pri:0, instance:runner.RunProject@72cf2de5]" name="runScenario" class="io.cucumber.testng.AbstractTestNGCucumberTests"/>
      </group> <!-- cucumber -->
    </groups>
    <test started-at="2023-09-29T15:56:54Z" name="Default test" finished-at="2023-09-29T15:57:14Z" duration-ms="19581">
      <class name="runner.RunProject">
        <test-method is-config="true" signature="setUpClass(org.testng.ITestContext)[pri:0, instance:runner.RunProject@72cf2de5]" started-at="2023-09-29T15:56:54Z" name="setUpClass" finished-at="2023-09-29T15:56:56Z" duration-ms="1315" status="PASS">
          <params>
            <param index="0">
              <value>
                <![CDATA[org.testng.TestRunner@34bf66af]]>
              </value>
            </param>
          </params>
          <reporter-output>
          </reporter-output>
        </test-method> <!-- setUpClass -->
        <test-method signature="runScenario(io.cucumber.testng.PickleWrapper, io.cucumber.testng.FeatureWrapper)[pri:0, instance:runner.RunProject@72cf2de5]" started-at="2023-09-29T15:56:56Z" name="runScenario" description="Runs Cucumber Scenarios" data-provider="scenarios" finished-at="2023-09-29T15:57:12Z" duration-ms="16330" status="PASS">
          <params>
            <param index="0">
              <value>
                <![CDATA["Enter the data into the given fields"]]>
              </value>
            </param>
            <param index="1">
              <value>
                <![CDATA["Checkout the textbox form functionality"]]>
              </value>
            </param>
          </params>
          <reporter-output>
          </reporter-output>
        </test-method> <!-- runScenario -->
        <test-method is-config="true" signature="tearDownClass()[pri:0, instance:runner.RunProject@72cf2de5]" started-at="2023-09-29T15:57:12Z" name="tearDownClass" finished-at="2023-09-29T15:57:14Z" duration-ms="1718" status="PASS">
          <reporter-output>
          </reporter-output>
        </test-method> <!-- tearDownClass -->
      </class> <!-- runner.RunProject -->
    </test> <!-- Default test -->
  </suite> <!-- Default suite -->
</testng-results>
